<?xml version="1.0" encoding="UTF-8"?>
<!-- Generated by org.testng.reporters.JUnitXMLReporter -->
<testsuite hostname="Lenovo-PC" name="Test A1" tests="3" failures="1" timestamp="14 Mar 2018 20:01:25 GMT" time="0.077" errors="0">
  <testcase name="TestA1" time="0.046" classname="com.tsys.san.testcases.DummyTestA">
    <failure type="java.lang.AssertionError">
      <![CDATA[java.lang.AssertionError
	at org.junit.Assert.fail(Assert.java:92)
	at org.junit.Assert.fail(Assert.java:100)
	at com.tsys.san.testcases.DummyTestA.TestA1(DummyTestA.java:11)
... Removed 24 stack frames]]>
    </failure>
  </testcase> <!-- TestA1 -->
  <testcase name="TestA2" time="0.0" classname="com.tsys.san.testcases.DummyTestA">
    <skipped/>
  </testcase> <!-- TestA2 -->
  <testcase name="TestA3" time="0.0" classname="com.tsys.san.testcases.DummyTestA">
    <skipped/>
  </testcase> <!-- TestA3 -->
</testsuite> <!-- Test A1 -->
