<?xml version="1.0" encoding="UTF-8"?>
<testng-results skipped="3" failed="3" total="8" passed="2">
  <reporter-output>
  </reporter-output>
  <suite name="bigbasket" duration-ms="70169" started-at="2018-03-25T20:19:03Z" finished-at="2018-03-25T20:20:14Z">
    <groups>
    </groups>
    <test name="simpletests" duration-ms="70129" started-at="2018-03-25T20:19:03Z" finished-at="2018-03-25T20:20:14Z">
      <class name="com.tsys.san.bigbasket.testcases.LoginTest">
        <test-method status="PASS" signature="LoginTests(java.util.Hashtable)[pri:0, instance:com.tsys.san.bigbasket.testcases.LoginTest@6e1567f1]" name="LoginTests" duration-ms="32579" started-at="2018-03-26T01:49:25Z" data-provider="getdata" finished-at="2018-03-26T01:49:58Z">
          <params>
            <param index="0">
              <value>
                <![CDATA[{password=hewitt01, Runmode=Y, Text=Sanjay, Loginname=sanjaybadoni5@gmail.com}]]>
              </value>
            </param>
          </params>
          <reporter-output>
          </reporter-output>
        </test-method> <!-- LoginTests -->
        <test-method status="PASS" signature="quit()[pri:0, instance:com.tsys.san.bigbasket.testcases.LoginTest@6e1567f1]" name="quit" is-config="true" duration-ms="1786" started-at="2018-03-26T01:49:58Z" finished-at="2018-03-26T01:49:59Z">
          <reporter-output>
          </reporter-output>
        </test-method> <!-- quit -->
        <test-method status="SKIP" signature="LoginTests(java.util.Hashtable)[pri:0, instance:com.tsys.san.bigbasket.testcases.LoginTest@6e1567f1]" name="LoginTests" duration-ms="2" started-at="2018-03-26T01:49:59Z" data-provider="getdata" finished-at="2018-03-26T01:49:59Z">
          <params>
            <param index="0">
              <value>
                <![CDATA[{password=hewitt01, Runmode=N, Text=kanchan, Loginname=sanjaybadoni5@gmail.com}]]>
              </value>
            </param>
          </params>
          <exception class="org.testng.SkipException">
            <message>
              <![CDATA[Skipping the test as runmode is N]]>
            </message>
            <full-stacktrace>
              <![CDATA[org.testng.SkipException: Skipping the test as runmode is N
	at com.tsys.san.bigbasket.testcases.LoginTest.LoginTests(LoginTest.java:25)
	at sun.reflect.NativeMethodAccessorImpl.invoke0(Native Method)
	at sun.reflect.NativeMethodAccessorImpl.invoke(NativeMethodAccessorImpl.java:62)
	at sun.reflect.DelegatingMethodAccessorImpl.invoke(DelegatingMethodAccessorImpl.java:43)
	at java.lang.reflect.Method.invoke(Method.java:497)
	at org.testng.internal.MethodInvocationHelper.invokeMethod(MethodInvocationHelper.java:85)
	at org.testng.internal.Invoker.invokeMethod(Invoker.java:639)
	at org.testng.internal.Invoker.invokeTestMethod(Invoker.java:821)
	at org.testng.internal.Invoker.invokeTestMethods(Invoker.java:1131)
	at org.testng.internal.TestMethodWorker.invokeTestMethods(TestMethodWorker.java:124)
	at org.testng.internal.TestMethodWorker.run(TestMethodWorker.java:108)
	at java.util.concurrent.ThreadPoolExecutor.runWorker(ThreadPoolExecutor.java:1142)
	at java.util.concurrent.ThreadPoolExecutor$Worker.run(ThreadPoolExecutor.java:617)
	at java.lang.Thread.run(Thread.java:745)
]]>
            </full-stacktrace>
          </exception> <!-- org.testng.SkipException -->
          <reporter-output>
          </reporter-output>
        </test-method> <!-- LoginTests -->
        <test-method status="PASS" signature="quit()[pri:0, instance:com.tsys.san.bigbasket.testcases.LoginTest@6e1567f1]" name="quit" is-config="true" duration-ms="52" started-at="2018-03-26T01:49:59Z" finished-at="2018-03-26T01:49:59Z">
          <reporter-output>
          </reporter-output>
        </test-method> <!-- quit -->
      </class> <!-- com.tsys.san.bigbasket.testcases.LoginTest -->
      <class name="com.tsys.san.bigbasket.testcases.AddMoreproducts">
        <test-method status="PASS" signature="Login()[pri:0, instance:com.tsys.san.bigbasket.testcases.AddMoreproducts@5649fd9b]" name="Login" is-config="true" duration-ms="20684" started-at="2018-03-26T01:49:03Z" finished-at="2018-03-26T01:49:24Z">
          <reporter-output>
          </reporter-output>
        </test-method> <!-- Login -->
        <test-method status="PASS" signature="Login()[pri:0, instance:com.tsys.san.bigbasket.testcases.Addproducts@29ca901e]" name="Login" is-config="true" duration-ms="0" started-at="2018-03-26T01:49:24Z" finished-at="2018-03-26T01:49:24Z">
          <reporter-output>
          </reporter-output>
        </test-method> <!-- Login -->
        <test-method status="PASS" signature="addItems(java.util.Hashtable)[pri:0, instance:com.tsys.san.bigbasket.testcases.AddMoreproducts@5649fd9b]" name="addItems" duration-ms="27497" started-at="2018-03-26T01:49:25Z" data-provider="getdata" finished-at="2018-03-26T01:49:52Z">
          <params>
            <param index="0">
              <value>
                <![CDATA[{Item=Almonds, Runmode=Y, Quantity=2.0}]]>
              </value>
            </param>
          </params>
          <reporter-output>
          </reporter-output>
        </test-method> <!-- addItems -->
        <test-method status="SKIP" signature="addItems(java.util.Hashtable)[pri:0, instance:com.tsys.san.bigbasket.testcases.AddMoreproducts@5649fd9b]" name="addItems" duration-ms="10" started-at="2018-03-26T01:49:52Z" data-provider="getdata" finished-at="2018-03-26T01:49:52Z">
          <params>
            <param index="0">
              <value>
                <![CDATA[{Item=grapes, Runmode=N, Quantity=1.0}]]>
              </value>
            </param>
          </params>
          <exception class="org.testng.SkipException">
            <message>
              <![CDATA[Skipping the test as runmode is N]]>
            </message>
            <full-stacktrace>
              <![CDATA[org.testng.SkipException: Skipping the test as runmode is N
	at com.tsys.san.bigbasket.testcases.AddMoreproducts.addItems(AddMoreproducts.java:35)
	at sun.reflect.NativeMethodAccessorImpl.invoke0(Native Method)
	at sun.reflect.NativeMethodAccessorImpl.invoke(NativeMethodAccessorImpl.java:62)
	at sun.reflect.DelegatingMethodAccessorImpl.invoke(DelegatingMethodAccessorImpl.java:43)
	at java.lang.reflect.Method.invoke(Method.java:497)
	at org.testng.internal.MethodInvocationHelper.invokeMethod(MethodInvocationHelper.java:85)
	at org.testng.internal.Invoker.invokeMethod(Invoker.java:639)
	at org.testng.internal.Invoker.invokeTestMethod(Invoker.java:821)
	at org.testng.internal.Invoker.invokeTestMethods(Invoker.java:1131)
	at org.testng.internal.TestMethodWorker.invokeTestMethods(TestMethodWorker.java:124)
	at org.testng.internal.TestMethodWorker.run(TestMethodWorker.java:108)
	at java.util.concurrent.ThreadPoolExecutor.runWorker(ThreadPoolExecutor.java:1142)
	at java.util.concurrent.ThreadPoolExecutor$Worker.run(ThreadPoolExecutor.java:617)
	at java.lang.Thread.run(Thread.java:745)
]]>
            </full-stacktrace>
          </exception> <!-- org.testng.SkipException -->
          <reporter-output>
          </reporter-output>
        </test-method> <!-- addItems -->
        <test-method status="SKIP" signature="addItems(java.util.Hashtable)[pri:0, instance:com.tsys.san.bigbasket.testcases.AddMoreproducts@5649fd9b]" name="addItems" duration-ms="12" started-at="2018-03-26T01:49:52Z" data-provider="getdata" finished-at="2018-03-26T01:49:52Z">
          <params>
            <param index="0">
              <value>
                <![CDATA[{Item=banana, Runmode=N, Quantity=5.0}]]>
              </value>
            </param>
          </params>
          <exception class="org.testng.SkipException">
            <message>
              <![CDATA[Skipping the test as runmode is N]]>
            </message>
            <full-stacktrace>
              <![CDATA[org.testng.SkipException: Skipping the test as runmode is N
	at com.tsys.san.bigbasket.testcases.AddMoreproducts.addItems(AddMoreproducts.java:35)
	at sun.reflect.NativeMethodAccessorImpl.invoke0(Native Method)
	at sun.reflect.NativeMethodAccessorImpl.invoke(NativeMethodAccessorImpl.java:62)
	at sun.reflect.DelegatingMethodAccessorImpl.invoke(DelegatingMethodAccessorImpl.java:43)
	at java.lang.reflect.Method.invoke(Method.java:497)
	at org.testng.internal.MethodInvocationHelper.invokeMethod(MethodInvocationHelper.java:85)
	at org.testng.internal.Invoker.invokeMethod(Invoker.java:639)
	at org.testng.internal.Invoker.invokeTestMethod(Invoker.java:821)
	at org.testng.internal.Invoker.invokeTestMethods(Invoker.java:1131)
	at org.testng.internal.TestMethodWorker.invokeTestMethods(TestMethodWorker.java:124)
	at org.testng.internal.TestMethodWorker.run(TestMethodWorker.java:108)
	at java.util.concurrent.ThreadPoolExecutor.runWorker(ThreadPoolExecutor.java:1142)
	at java.util.concurrent.ThreadPoolExecutor$Worker.run(ThreadPoolExecutor.java:617)
	at java.lang.Thread.run(Thread.java:745)
]]>
            </full-stacktrace>
          </exception> <!-- org.testng.SkipException -->
          <reporter-output>
          </reporter-output>
        </test-method> <!-- addItems -->
        <test-method status="PASS" signature="quit()[pri:0, instance:com.tsys.san.bigbasket.testcases.AddMoreproducts@5649fd9b]" name="quit" is-config="true" duration-ms="14257" started-at="2018-03-26T01:49:59Z" finished-at="2018-03-26T01:50:14Z">
          <reporter-output>
          </reporter-output>
        </test-method> <!-- quit -->
        <test-method status="FAIL" signature="quit()[pri:0, instance:com.tsys.san.bigbasket.testcases.Addproducts@29ca901e]" name="quit" is-config="true" duration-ms="0" started-at="2018-03-26T01:50:14Z" finished-at="2018-03-26T01:50:14Z">
          <exception class="java.lang.NullPointerException">
            <full-stacktrace>
              <![CDATA[java.lang.NullPointerException
	at org.openqa.selenium.interactions.Actions.<init>(Actions.java:44)
	at com.tsys.san.bigbasket.testcases.Addproducts.EmptyBasket(Addproducts.java:72)
	at com.tsys.san.bigbasket.testcases.Addproducts.quit(Addproducts.java:64)
	at sun.reflect.NativeMethodAccessorImpl.invoke0(Native Method)
	at sun.reflect.NativeMethodAccessorImpl.invoke(NativeMethodAccessorImpl.java:62)
	at sun.reflect.DelegatingMethodAccessorImpl.invoke(DelegatingMethodAccessorImpl.java:43)
	at java.lang.reflect.Method.invoke(Method.java:497)
	at org.testng.internal.MethodInvocationHelper.invokeMethod(MethodInvocationHelper.java:85)
	at org.testng.internal.Invoker.invokeConfigurationMethod(Invoker.java:510)
	at org.testng.internal.Invoker.invokeConfigurations(Invoker.java:211)
	at org.testng.internal.Invoker.invokeConfigurations(Invoker.java:138)
	at org.testng.TestRunner.afterRun(TestRunner.java:1027)
	at org.testng.TestRunner.run(TestRunner.java:627)
	at org.testng.SuiteRunner.runTest(SuiteRunner.java:357)
	at org.testng.SuiteRunner.runSequentially(SuiteRunner.java:352)
	at org.testng.SuiteRunner.privateRun(SuiteRunner.java:310)
	at org.testng.SuiteRunner.run(SuiteRunner.java:259)
	at org.testng.SuiteRunnerWorker.runSuite(SuiteRunnerWorker.java:52)
	at org.testng.SuiteRunnerWorker.run(SuiteRunnerWorker.java:86)
	at org.testng.TestNG.runSuitesSequentially(TestNG.java:1185)
	at org.testng.TestNG.runSuitesLocally(TestNG.java:1110)
	at org.testng.TestNG.run(TestNG.java:1018)
	at org.testng.remote.AbstractRemoteTestNG.run(AbstractRemoteTestNG.java:126)
	at org.testng.remote.RemoteTestNG.initAndRun(RemoteTestNG.java:152)
	at org.testng.remote.RemoteTestNG.main(RemoteTestNG.java:57)
]]>
            </full-stacktrace>
          </exception> <!-- java.lang.NullPointerException -->
          <reporter-output>
          </reporter-output>
        </test-method> <!-- quit -->
      </class> <!-- com.tsys.san.bigbasket.testcases.AddMoreproducts -->
      <class name="com.tsys.san.bigbasket.testcases.Addproducts">
        <test-method status="FAIL" signature="addItems(java.util.Hashtable)[pri:0, instance:com.tsys.san.bigbasket.testcases.Addproducts@29ca901e]" name="addItems" duration-ms="12" started-at="2018-03-26T01:49:25Z" data-provider="getdata" finished-at="2018-03-26T01:49:25Z">
          <params>
            <param index="0">
              <value>
                <![CDATA[{Item=Apple, Runmode=Y, Quantity=2.0}]]>
              </value>
            </param>
          </params>
          <exception class="java.lang.NullPointerException">
            <full-stacktrace>
              <![CDATA[java.lang.NullPointerException
	at com.tsys.san.bigbasket.testcases.Addproducts.addItems(Addproducts.java:38)
	at sun.reflect.NativeMethodAccessorImpl.invoke0(Native Method)
	at sun.reflect.NativeMethodAccessorImpl.invoke(NativeMethodAccessorImpl.java:62)
	at sun.reflect.DelegatingMethodAccessorImpl.invoke(DelegatingMethodAccessorImpl.java:43)
	at java.lang.reflect.Method.invoke(Method.java:497)
	at org.testng.internal.MethodInvocationHelper.invokeMethod(MethodInvocationHelper.java:85)
	at org.testng.internal.Invoker.invokeMethod(Invoker.java:639)
	at org.testng.internal.Invoker.invokeTestMethod(Invoker.java:821)
	at org.testng.internal.Invoker.invokeTestMethods(Invoker.java:1131)
	at org.testng.internal.TestMethodWorker.invokeTestMethods(TestMethodWorker.java:124)
	at org.testng.internal.TestMethodWorker.run(TestMethodWorker.java:108)
	at java.util.concurrent.ThreadPoolExecutor.runWorker(ThreadPoolExecutor.java:1142)
	at java.util.concurrent.ThreadPoolExecutor$Worker.run(ThreadPoolExecutor.java:617)
	at java.lang.Thread.run(Thread.java:745)
]]>
            </full-stacktrace>
          </exception> <!-- java.lang.NullPointerException -->
          <reporter-output>
          </reporter-output>
        </test-method> <!-- addItems -->
        <test-method status="FAIL" signature="addItems(java.util.Hashtable)[pri:0, instance:com.tsys.san.bigbasket.testcases.Addproducts@29ca901e]" name="addItems" duration-ms="0" started-at="2018-03-26T01:49:25Z" data-provider="getdata" finished-at="2018-03-26T01:49:25Z">
          <params>
            <param index="0">
              <value>
                <![CDATA[{Item=orange, Runmode=Y, Quantity=1.0}]]>
              </value>
            </param>
          </params>
          <exception class="java.lang.NullPointerException">
            <full-stacktrace>
              <![CDATA[java.lang.NullPointerException
	at com.tsys.san.bigbasket.testcases.Addproducts.addItems(Addproducts.java:38)
	at sun.reflect.NativeMethodAccessorImpl.invoke0(Native Method)
	at sun.reflect.NativeMethodAccessorImpl.invoke(NativeMethodAccessorImpl.java:62)
	at sun.reflect.DelegatingMethodAccessorImpl.invoke(DelegatingMethodAccessorImpl.java:43)
	at java.lang.reflect.Method.invoke(Method.java:497)
	at org.testng.internal.MethodInvocationHelper.invokeMethod(MethodInvocationHelper.java:85)
	at org.testng.internal.Invoker.invokeMethod(Invoker.java:639)
	at org.testng.internal.Invoker.invokeTestMethod(Invoker.java:821)
	at org.testng.internal.Invoker.invokeTestMethods(Invoker.java:1131)
	at org.testng.internal.TestMethodWorker.invokeTestMethods(TestMethodWorker.java:124)
	at org.testng.internal.TestMethodWorker.run(TestMethodWorker.java:108)
	at java.util.concurrent.ThreadPoolExecutor.runWorker(ThreadPoolExecutor.java:1142)
	at java.util.concurrent.ThreadPoolExecutor$Worker.run(ThreadPoolExecutor.java:617)
	at java.lang.Thread.run(Thread.java:745)
]]>
            </full-stacktrace>
          </exception> <!-- java.lang.NullPointerException -->
          <reporter-output>
          </reporter-output>
        </test-method> <!-- addItems -->
        <test-method status="FAIL" signature="addItems(java.util.Hashtable)[pri:0, instance:com.tsys.san.bigbasket.testcases.Addproducts@29ca901e]" name="addItems" duration-ms="4" started-at="2018-03-26T01:49:25Z" data-provider="getdata" finished-at="2018-03-26T01:49:25Z">
          <params>
            <param index="0">
              <value>
                <![CDATA[{Item=Tomato, Runmode=Y, Quantity=5.0}]]>
              </value>
            </param>
          </params>
          <exception class="java.lang.NullPointerException">
            <full-stacktrace>
              <![CDATA[java.lang.NullPointerException
	at com.tsys.san.bigbasket.testcases.Addproducts.addItems(Addproducts.java:38)
	at sun.reflect.NativeMethodAccessorImpl.invoke0(Native Method)
	at sun.reflect.NativeMethodAccessorImpl.invoke(NativeMethodAccessorImpl.java:62)
	at sun.reflect.DelegatingMethodAccessorImpl.invoke(DelegatingMethodAccessorImpl.java:43)
	at java.lang.reflect.Method.invoke(Method.java:497)
	at org.testng.internal.MethodInvocationHelper.invokeMethod(MethodInvocationHelper.java:85)
	at org.testng.internal.Invoker.invokeMethod(Invoker.java:639)
	at org.testng.internal.Invoker.invokeTestMethod(Invoker.java:821)
	at org.testng.internal.Invoker.invokeTestMethods(Invoker.java:1131)
	at org.testng.internal.TestMethodWorker.invokeTestMethods(TestMethodWorker.java:124)
	at org.testng.internal.TestMethodWorker.run(TestMethodWorker.java:108)
	at java.util.concurrent.ThreadPoolExecutor.runWorker(ThreadPoolExecutor.java:1142)
	at java.util.concurrent.ThreadPoolExecutor$Worker.run(ThreadPoolExecutor.java:617)
	at java.lang.Thread.run(Thread.java:745)
]]>
            </full-stacktrace>
          </exception> <!-- java.lang.NullPointerException -->
          <reporter-output>
          </reporter-output>
        </test-method> <!-- addItems -->
      </class> <!-- com.tsys.san.bigbasket.testcases.Addproducts -->
    </test> <!-- simpletests -->
    <test name="simpletests1" duration-ms="0" started-at="2018-03-25T20:20:14Z" finished-at="2018-03-25T20:20:14Z">
    </test> <!-- simpletests1 -->
  </suite> <!-- bigbasket -->
</testng-results>
